{
  "stats": {
    "suites": 4,
    "tests": 5,
    "passes": 5,
    "pending": 0,
    "failures": 0,
    "start": "2021-03-24T16:43:29.301Z",
    "end": "2021-03-24T16:44:04.846Z",
    "duration": 18790,
    "testsRegistered": 5,
    "passPercent": 100,
    "pendingPercent": 0,
    "other": 0,
    "hasOther": false,
    "skipped": 0,
    "hasSkipped": false
  },
  "results": [
    {
      "uuid": "0d5ed923-6806-41f4-b0bc-015b32a72d7f",
      "title": "",
      "fullFile": "cypress/integration/api/2-mocked-tags.spec.js",
      "file": "cypress/integration/api/2-mocked-tags.spec.js",
      "beforeHooks": [],
      "afterHooks": [],
      "tests": [],
      "suites": [
        {
          "uuid": "a3a72e38-e096-4905-ab83-724d82fbbc1b",
          "title": "test suite with mocked tags",
          "fullFile": "",
          "file": "",
          "beforeHooks": [],
          "afterHooks": [],
          "tests": [
            {
              "title": "return and assert mocked tags",
              "fullTitle": "test suite with mocked tags return and assert mocked tags",
              "timedOut": null,
              "duration": 2203,
              "state": "passed",
              "speed": "slow",
              "pass": true,
              "fail": false,
              "pending": false,
              "context": null,
              "code": "// intercepting the api call, providing mocked response, asserting ui info was changed to the mocked one\n// cy.intercept('GET', '**/tags', {fixture: 'tags.json'})\ncy.intercept({\n  method: 'GET',\n  path: '**/tags'\n}, {\n  fixture: 'tags.json'\n});\ncy.get('.tag-list').should('contain', 'cypress').and('contain', 'automation').and('contain', 'test');",
              "err": {},
              "uuid": "5d8e3fad-11de-46f0-9ebf-0e286d8028e2",
              "parentUUID": "a3a72e38-e096-4905-ab83-724d82fbbc1b",
              "isHook": false,
              "skipped": false
            }
          ],
          "suites": [],
          "passes": [
            "5d8e3fad-11de-46f0-9ebf-0e286d8028e2"
          ],
          "failures": [],
          "pending": [],
          "skipped": [],
          "duration": 2203,
          "root": false,
          "rootEmpty": false,
          "_timeout": 2000
        }
      ],
      "passes": [],
      "failures": [],
      "pending": [],
      "skipped": [],
      "duration": 0,
      "root": true,
      "rootEmpty": true,
      "_timeout": 2000
    },
    {
      "uuid": "6c4a05d6-e423-4409-b00e-214b4039ba03",
      "title": "",
      "fullFile": "cypress/integration/api/3-mocked-articles.spec.js",
      "file": "cypress/integration/api/3-mocked-articles.spec.js",
      "beforeHooks": [],
      "afterHooks": [],
      "tests": [],
      "suites": [
        {
          "uuid": "25389327-8a60-4371-bda3-cad264acc462",
          "title": "test suite with mocked articles",
          "fullFile": "",
          "file": "",
          "beforeHooks": [],
          "afterHooks": [],
          "tests": [
            {
              "title": "verify global feed likes count with mocked response",
              "fullTitle": "test suite with mocked articles verify global feed likes count with mocked response",
              "timedOut": null,
              "duration": 2046,
              "state": "passed",
              "speed": "slow",
              "pass": true,
              "fail": false,
              "pending": false,
              "context": null,
              "code": "// intercepting api calls and providing mocked responses\ncy.intercept({\n  method: 'GET',\n  path: '**/articles*'\n}, {\n  fixture: 'articles.json'\n});\ncy.intercept({\n  method: 'GET',\n  path: '**/articles/feed*'\n}, {\n  \"articles\": [],\n  \"articlesCount\": 0\n});\ncy.contains('Global Feed').click(); // likes count assertion (cypress)\ncy.get('app-article-list button').then(function (buttons) {\n  cy.wrap(buttons).first().should('contain', '1');\n  cy.wrap(buttons).eq(1).should('contain', '5');\n}); // likes count assertion (chai)\ncy.get('app-article-list button').then(function (listOfButtons) {\n  expect(listOfButtons[0]).to.contain('1');\n  expect(listOfButtons[1]).to.contain('5');\n}); // modifying mock file, intercepting the api call, providing mocked and modified response\ncy.fixture('articles').then(function (file) {\n  var articleSlug = file.articles[1].slug;\n  cy.intercept('POST', '**/articles/' + articleSlug + '/favorite', file);\n}); // asserting likes count from the mocked response\ncy.get('app-article-list button').eq(1).click().should('contain', '6');",
              "err": {},
              "uuid": "2f73ae14-9475-4275-aadc-da82fc0bfa4d",
              "parentUUID": "25389327-8a60-4371-bda3-cad264acc462",
              "isHook": false,
              "skipped": false
            }
          ],
          "suites": [],
          "passes": [
            "2f73ae14-9475-4275-aadc-da82fc0bfa4d"
          ],
          "failures": [],
          "pending": [],
          "skipped": [],
          "duration": 2046,
          "root": false,
          "rootEmpty": false,
          "_timeout": 2000
        }
      ],
      "passes": [],
      "failures": [],
      "pending": [],
      "skipped": [],
      "duration": 0,
      "root": true,
      "rootEmpty": true,
      "_timeout": 2000
    },
    {
      "uuid": "3aa982c8-b466-46ed-b9e2-b1d6bc8c587a",
      "title": "",
      "fullFile": "cypress/integration/api/4-api-request.spec.js",
      "file": "cypress/integration/api/4-api-request.spec.js",
      "beforeHooks": [],
      "afterHooks": [],
      "tests": [],
      "suites": [
        {
          "uuid": "4d255e58-78b5-4efb-9e60-d0a768112e6f",
          "title": "test suite with API calls",
          "fullFile": "",
          "file": "",
          "beforeHooks": [],
          "afterHooks": [],
          "tests": [
            {
              "title": "post and delete article in global feed",
              "fullTitle": "test suite with API calls post and delete article in global feed",
              "timedOut": null,
              "duration": 6847,
              "state": "passed",
              "speed": "slow",
              "pass": true,
              "fail": false,
              "pending": false,
              "context": null,
              "code": "// id for the article\nvar id = Date.now(); // content for the new article request\nvar bodyRequest = {\n  \"article\": {\n    \"tagList\": [],\n    \"title\": \"API request from Postman (title) \" + id,\n    \"description\": \"API request from postman (description)\",\n    \"body\": \"API request from postman (body)\"\n  }\n}; // getting token from our loginToApp command\ncy.get('@token').then(function (token) {\n  // posting a new article using saved token\n  cy.request({\n    method: 'POST',\n    url: Cypress.env('apiUrl') + 'api/articles/',\n    headers: {\n      'Authorization': 'Token ' + token\n    },\n    body: bodyRequest\n  }).then(function (response) {\n    console.log(response);\n    expect(response.status).to.equal(200);\n  }); // deleting the article through UI\n  cy.contains('Global Feed').click();\n  cy.get('.article-preview').first().click();\n  cy.get('.article-actions').contains('Delete Article').click(); // verifying the article was deleted\n  cy.request({\n    method: 'GET',\n    url: Cypress.env('apiUrl') + 'api/articles?limit=10&offset=0',\n    headers: {\n      'Authorization': 'Token ' + token\n    }\n  }).its('body').then(function (body) {\n    console.log(body);\n    expect(body.articles[0].title).not.to.equal('API request from Postman (title) ' + id);\n  });\n});",
              "err": {},
              "uuid": "73bf7bbc-ab13-4fe9-b74c-7cc86ffaee54",
              "parentUUID": "4d255e58-78b5-4efb-9e60-d0a768112e6f",
              "isHook": false,
              "skipped": false
            }
          ],
          "suites": [],
          "passes": [
            "73bf7bbc-ab13-4fe9-b74c-7cc86ffaee54"
          ],
          "failures": [],
          "pending": [],
          "skipped": [],
          "duration": 6847,
          "root": false,
          "rootEmpty": false,
          "_timeout": 2000
        }
      ],
      "passes": [],
      "failures": [],
      "pending": [],
      "skipped": [],
      "duration": 0,
      "root": true,
      "rootEmpty": true,
      "_timeout": 2000
    },
    {
      "uuid": "14daf95c-c1b7-402d-ae45-a5d05bcb322d",
      "title": "",
      "fullFile": "cypress/integration/api/1-request-response.spec.js",
      "file": "cypress/integration/api/1-request-response.spec.js",
      "beforeHooks": [],
      "afterHooks": [],
      "tests": [],
      "suites": [
        {
          "uuid": "03181c0b-da37-4d2d-b86e-70daac99d22a",
          "title": "request-response test suite",
          "fullFile": "",
          "file": "",
          "beforeHooks": [],
          "afterHooks": [],
          "tests": [
            {
              "title": "intercept, verify request and response",
              "fullTitle": "request-response test suite intercept, verify request and response",
              "timedOut": null,
              "duration": 3902,
              "state": "passed",
              "speed": "slow",
              "pass": true,
              "fail": false,
              "pending": false,
              "context": null,
              "code": "// intercepting the api call, saving the call as an alias (global variable)\n//cy.intercept('POST', '**/articles').as('postArticles')\ncy.intercept({\n  method: 'POST',\n  path: '**/articles'\n}).as('postArticles'); // creating a new article through ui\ncy.contains('New Article').click();\ncy.get('[formcontrolname=\"title\"]').type('This is a title!');\ncy.get('[formcontrolname=\"description\"]').type('This is a description!');\ncy.get('[formcontrolname=\"body\"]').type('This is content!');\ncy.contains(' Publish Article ').click(); // waiting for the response, taking the response as an object, making assertions for request and response\ncy.wait('@postArticles');\ncy.get('@postArticles').then(function (xhr) {\n  console.log(xhr);\n  expect(xhr.request.body.article.body).to.equal('This is content!');\n  expect(xhr.response.statusCode).to.equal(200);\n  expect(xhr.response.body.article.description).to.equal('This is a description!');\n});",
              "err": {},
              "uuid": "60c537e3-0588-4a04-bc32-1e321d672099",
              "parentUUID": "03181c0b-da37-4d2d-b86e-70daac99d22a",
              "isHook": false,
              "skipped": false
            },
            {
              "title": "intercept, modify, verify request and response",
              "fullTitle": "request-response test suite intercept, modify, verify request and response",
              "timedOut": null,
              "duration": 3792,
              "state": "passed",
              "speed": "slow",
              "pass": true,
              "fail": false,
              "pending": false,
              "context": null,
              "code": "// intercepting the api call, modifying it, saving the call as an alias (global variable)\ncy.intercept({\n  method: 'POST',\n  path: '**/articles'\n}, function (req) {\n  req.body.article.title = 'This is intercepted and modified title';\n  req.body.article.description = 'This is interecepted and modified description';\n}).as('postArticles'); // creating a new article through ui\ncy.contains('New Article').click();\ncy.get('[formcontrolname=\"title\"]').type('This is a title created through UI!');\ncy.get('[formcontrolname=\"description\"]').type('This is a discription created through UI!');\ncy.get('[formcontrolname=\"body\"]').type('This is content created through UI!');\ncy.contains('Publish Article').click(); // waiting for the response, taking the response as an object, making assertions for request and response\ncy.wait('@postArticles');\ncy.get('@postArticles').then(function (xhr) {\n  console.log(xhr); // asserting request\n  expect(xhr.request.body.article.title).to.equal('This is intercepted and modified title');\n  expect(xhr.request.body.article.description).to.equal('This is interecepted and modified description');\n  expect(xhr.request.body.article.body).to.equal('This is content created through UI!'); // asserting response\n  expect(xhr.response.statusCode).to.equal(200);\n  expect(xhr.response.body.article.title).to.equal('This is intercepted and modified title');\n  expect(xhr.response.body.article.description).to.equal('This is interecepted and modified description');\n  expect(xhr.response.body.article.body).to.equal('This is content created through UI!');\n});",
              "err": {},
              "uuid": "9cceb923-d052-4156-9b58-16c5e9882d0a",
              "parentUUID": "03181c0b-da37-4d2d-b86e-70daac99d22a",
              "isHook": false,
              "skipped": false
            }
          ],
          "suites": [],
          "passes": [
            "60c537e3-0588-4a04-bc32-1e321d672099",
            "9cceb923-d052-4156-9b58-16c5e9882d0a"
          ],
          "failures": [],
          "pending": [],
          "skipped": [],
          "duration": 7694,
          "root": false,
          "rootEmpty": false,
          "_timeout": 2000
        }
      ],
      "passes": [],
      "failures": [],
      "pending": [],
      "skipped": [],
      "duration": 0,
      "root": true,
      "rootEmpty": true,
      "_timeout": 2000
    }
  ],
  "meta": {
    "mocha": {
      "version": "7.0.1"
    },
    "mochawesome": {
      "options": {
        "quiet": false,
        "reportFilename": "mochawesome",
        "saveHtml": false,
        "saveJson": true,
        "consoleReporter": "spec",
        "useInlineDiffs": false,
        "code": true
      },
      "version": "6.2.2"
    },
    "marge": {
      "options": {
        "id": "default",
        "reportDir": "cypress/results/mochawesome",
        "overwrite": false,
        "html": false,
        "json": true
      },
      "version": "5.2.0"
    }
  }
}